<?xml version="1.0" encoding="UTF-8"?>
<!-- Generated by org.testng.reporters.JUnitReportReporter -->
<testsuite hostname="DESKTOP-3N0D4R6" failures="0" tests="1"
	name="tests.SFHomePage" time="0.026" errors="0"
	timestamp="11 Sep 2020 19:24:03 GMT">
	<testcase classname="tests.SFHomePage"
		name="test_SFHome_Page_Appear_Correct" time="0.026" />
</testsuite> <!-- tests.SFHomePage -->
