<?xml version="1.0" encoding="UTF-8"?>
<!-- Generated by org.testng.reporters.JUnitReportReporter -->
<testsuite hostname="DESKTOP-3N0D4R6" failures="0" tests="2" name="tests.adminUser.AdminUserSmokeTests" time="36.541" errors="0" timestamp="9 Nov 2020 22:32:25 GMT">
  <testcase classname="tests.adminUser.AdminUserSmokeTests" name="testDeveloperConsoleIsVisible" time="0.220"/>
  <testcase classname="tests.adminUser.AdminUserSmokeTests" name="verifyAdminIsAbleToNavigateToCPQApp" time="36.321"/>
</testsuite> <!-- tests.adminUser.AdminUserSmokeTests -->
